[0.164s] Invoking command in '/home/ubuntu/wsl2_dev_ros2/WS_Transpolis/build/examples_rclcpp_minimal_action_client': CMAKE_PREFIX_PATH=/opt/ros/galactic /usr/bin/cmake /home/ubuntu/wsl2_dev_ros2/WS_Transpolis/src/examples/rclcpp/actions/minimal_action_client -DCMAKE_INSTALL_PREFIX=/home/ubuntu/wsl2_dev_ros2/WS_Transpolis/install
[1.626s] -- The C compiler identification is GNU 9.4.0
[3.482s] -- The CXX compiler identification is GNU 9.4.0
[4.589s] -- Check for working C compiler: /usr/bin/cc
[5.540s] -- Check for working C compiler: /usr/bin/cc -- works
[5.541s] -- Detecting C compiler ABI info
[6.564s] -- Detecting C compiler ABI info - done
[6.584s] -- Detecting C compile features
[6.585s] -- Detecting C compile features - done
[6.588s] -- Check for working CXX compiler: /usr/bin/c++
[7.699s] -- Check for working CXX compiler: /usr/bin/c++ -- works
[7.699s] -- Detecting CXX compiler ABI info
[8.490s] -- Detecting CXX compiler ABI info - done
[8.509s] -- Detecting CXX compile features
[8.509s] -- Detecting CXX compile features - done
[8.509s] -- Found ament_cmake: 1.1.6 (/opt/ros/galactic/share/ament_cmake/cmake)
[8.549s] -- Found PythonInterp: /usr/bin/python3 (found suitable version "3.8.10", minimum required is "3") 
[8.549s] -- Using PYTHON_EXECUTABLE: /usr/bin/python3
[8.798s] -- Found example_interfaces: 0.9.2 (/opt/ros/galactic/share/example_interfaces/cmake)
[10.414s] -- Using all available rosidl_typesupport_c: rosidl_typesupport_fastrtps_c;rosidl_typesupport_introspection_c
[10.425s] -- Found rosidl_adapter: 2.2.3 (/opt/ros/galactic/share/rosidl_adapter/cmake)
[18.000s] -- Found OpenSSL: /usr/lib/x86_64-linux-gnu/libcrypto.so (found version "1.1.1f")  
[27.434s] -- Found FastRTPS: /opt/ros/galactic/include  
[43.920s] -- Using all available rosidl_typesupport_cpp: rosidl_typesupport_fastrtps_cpp;rosidl_typesupport_introspection_cpp
[44.214s] -- Found rclcpp: 9.2.2 (/opt/ros/galactic/share/rclcpp/cmake)
[44.322s] -- Found rmw_implementation_cmake: 3.3.1 (/opt/ros/galactic/share/rmw_implementation_cmake/cmake)
[44.330s] -- Found rmw_cyclonedds_cpp: 0.22.6 (/opt/ros/galactic/share/rmw_cyclonedds_cpp/cmake)
[44.358s] -- Using RMW implementation 'rmw_cyclonedds_cpp' as default
[44.359s] -- Looking for pthread.h
[45.749s] -- Looking for pthread.h - found
[45.749s] -- Performing Test CMAKE_HAVE_LIBC_PTHREAD
[47.208s] -- Performing Test CMAKE_HAVE_LIBC_PTHREAD - Failed
[47.209s] -- Looking for pthread_create in pthreads
[48.408s] -- Looking for pthread_create in pthreads - not found
[48.409s] -- Looking for pthread_create in pthread
[49.769s] -- Looking for pthread_create in pthread - found
[49.770s] -- Found Threads: TRUE  
[50.114s] -- Found rclcpp_action: 9.2.2 (/opt/ros/galactic/share/rclcpp_action/cmake)
[50.192s] -- Found ament_lint_auto: 0.10.7 (/opt/ros/galactic/share/ament_lint_auto/cmake)
[50.538s] -- Added test 'copyright' to check source files copyright and LICENSE
[50.538s] -- Added test 'cppcheck' to perform static code analysis on C / C++ code
[50.538s] -- Configured cppcheck include dirs: 
[50.538s] -- Configured cppcheck exclude dirs and/or files: 
[50.538s] -- Added test 'cpplint' to check C / C++ code against the Google style
[50.538s] -- Configured cpplint exclude dirs and/or files: 
[50.539s] -- Added test 'lint_cmake' to check CMake code style
[50.539s] -- Added test 'uncrustify' to check C / C++ code style
[50.539s] -- Configured uncrustify additional arguments: 
[50.540s] -- Added test 'xmllint' to check XML markup files
[50.551s] -- Configuring done
[50.607s] -- Generating done
[50.616s] -- Build files have been written to: /home/ubuntu/wsl2_dev_ros2/WS_Transpolis/build/examples_rclcpp_minimal_action_client
[50.654s] Invoked command in '/home/ubuntu/wsl2_dev_ros2/WS_Transpolis/build/examples_rclcpp_minimal_action_client' returned '0': CMAKE_PREFIX_PATH=/opt/ros/galactic /usr/bin/cmake /home/ubuntu/wsl2_dev_ros2/WS_Transpolis/src/examples/rclcpp/actions/minimal_action_client -DCMAKE_INSTALL_PREFIX=/home/ubuntu/wsl2_dev_ros2/WS_Transpolis/install
[50.660s] Invoking command in '/home/ubuntu/wsl2_dev_ros2/WS_Transpolis/build/examples_rclcpp_minimal_action_client': CMAKE_PREFIX_PATH=/opt/ros/galactic /usr/bin/cmake --build /home/ubuntu/wsl2_dev_ros2/WS_Transpolis/build/examples_rclcpp_minimal_action_client -- -j8 -l8
[67.478s] [35m[1mScanning dependencies of target action_client_not_composable_with_cancel[0m
[67.478s] [35m[1mScanning dependencies of target action_client_not_composable_with_feedback[0m
[67.478s] [35m[1mScanning dependencies of target action_client_not_composable[0m
[67.478s] [35m[1mScanning dependencies of target action_client_member_functions[0m
[67.478s] [ 12%] [32mBuilding CXX object CMakeFiles/action_client_not_composable.dir/not_composable.cpp.o[0m
[67.478s] [ 25%] [32mBuilding CXX object CMakeFiles/action_client_member_functions.dir/member_functions.cpp.o[0m
[67.478s] [ 37%] [32mBuilding CXX object CMakeFiles/action_client_not_composable_with_cancel.dir/not_composable_with_cancel.cpp.o[0m
[67.478s] [ 50%] [32mBuilding CXX object CMakeFiles/action_client_not_composable_with_feedback.dir/not_composable_with_feedback.cpp.o[0m
[67.478s] [ 62%] [32m[1mLinking CXX executable action_client_not_composable[0m
[68.200s] [ 62%] Built target action_client_not_composable
[68.619s] [ 75%] [32m[1mLinking CXX executable action_client_not_composable_with_feedback[0m
[71.445s] [ 87%] [32m[1mLinking CXX executable action_client_member_functions[0m
[72.278s] [100%] [32m[1mLinking CXX executable action_client_not_composable_with_cancel[0m
