[0.189s] Invoking command in '/home/ubuntu/wsl2_dev_ros2/WS_Transpolis/build/examples_rclcpp_minimal_action_server': CMAKE_PREFIX_PATH=/opt/ros/galactic /usr/bin/cmake /home/ubuntu/wsl2_dev_ros2/WS_Transpolis/src/examples/rclcpp/actions/minimal_action_server -DCMAKE_INSTALL_PREFIX=/home/ubuntu/wsl2_dev_ros2/WS_Transpolis/install
[1.711s] -- The C compiler identification is GNU 9.4.0
[3.757s] -- The CXX compiler identification is GNU 9.4.0
[4.828s] -- Check for working C compiler: /usr/bin/cc
[5.917s] -- Check for working C compiler: /usr/bin/cc -- works
[5.918s] -- Detecting C compiler ABI info
[6.916s] -- Detecting C compiler ABI info - done
[6.923s] -- Detecting C compile features
[6.929s] -- Detecting C compile features - done
[6.929s] -- Check for working CXX compiler: /usr/bin/c++
[7.953s] -- Check for working CXX compiler: /usr/bin/c++ -- works
[7.954s] -- Detecting CXX compiler ABI info
[8.943s] -- Detecting CXX compiler ABI info - done
[8.971s] -- Detecting CXX compile features
[8.972s] -- Detecting CXX compile features - done
[8.975s] -- Found ament_cmake: 1.1.6 (/opt/ros/galactic/share/ament_cmake/cmake)
[9.052s] -- Found PythonInterp: /usr/bin/python3 (found suitable version "3.8.10", minimum required is "3") 
[9.052s] -- Using PYTHON_EXECUTABLE: /usr/bin/python3
[9.289s] -- Found example_interfaces: 0.9.2 (/opt/ros/galactic/share/example_interfaces/cmake)
[10.845s] -- Using all available rosidl_typesupport_c: rosidl_typesupport_fastrtps_c;rosidl_typesupport_introspection_c
[10.855s] -- Found rosidl_adapter: 2.2.3 (/opt/ros/galactic/share/rosidl_adapter/cmake)
[18.498s] -- Found OpenSSL: /usr/lib/x86_64-linux-gnu/libcrypto.so (found version "1.1.1f")  
[29.030s] -- Found FastRTPS: /opt/ros/galactic/include  
[53.820s] -- Using all available rosidl_typesupport_cpp: rosidl_typesupport_fastrtps_cpp;rosidl_typesupport_introspection_cpp
[54.096s] -- Found rclcpp: 9.2.2 (/opt/ros/galactic/share/rclcpp/cmake)
[54.194s] -- Found rmw_implementation_cmake: 3.3.1 (/opt/ros/galactic/share/rmw_implementation_cmake/cmake)
[54.207s] -- Found rmw_cyclonedds_cpp: 0.22.6 (/opt/ros/galactic/share/rmw_cyclonedds_cpp/cmake)
[54.257s] -- Using RMW implementation 'rmw_cyclonedds_cpp' as default
[54.262s] -- Looking for pthread.h
[57.905s] -- Looking for pthread.h - found
[57.905s] -- Performing Test CMAKE_HAVE_LIBC_PTHREAD
[62.349s] -- Performing Test CMAKE_HAVE_LIBC_PTHREAD - Failed
[62.365s] -- Looking for pthread_create in pthreads
[64.991s] -- Looking for pthread_create in pthreads - not found
[64.992s] -- Looking for pthread_create in pthread
[66.626s] -- Looking for pthread_create in pthread - found
[66.626s] -- Found Threads: TRUE  
[67.071s] -- Found rclcpp_action: 9.2.2 (/opt/ros/galactic/share/rclcpp_action/cmake)
[67.152s] -- Found ament_lint_auto: 0.10.7 (/opt/ros/galactic/share/ament_lint_auto/cmake)
[67.338s] -- Added test 'copyright' to check source files copyright and LICENSE
[67.338s] -- Added test 'cppcheck' to perform static code analysis on C / C++ code
[67.338s] -- Configured cppcheck include dirs: 
[67.338s] -- Configured cppcheck exclude dirs and/or files: 
[67.338s] -- Added test 'cpplint' to check C / C++ code against the Google style
[67.338s] -- Configured cpplint exclude dirs and/or files: 
[67.339s] -- Added test 'lint_cmake' to check CMake code style
[67.345s] -- Added test 'uncrustify' to check C / C++ code style
[67.346s] -- Configured uncrustify additional arguments: 
[67.348s] -- Added test 'xmllint' to check XML markup files
[67.356s] -- Configuring done
[67.382s] -- Generating done
[67.385s] -- Build files have been written to: /home/ubuntu/wsl2_dev_ros2/WS_Transpolis/build/examples_rclcpp_minimal_action_server
[67.455s] Invoked command in '/home/ubuntu/wsl2_dev_ros2/WS_Transpolis/build/examples_rclcpp_minimal_action_server' returned '0': CMAKE_PREFIX_PATH=/opt/ros/galactic /usr/bin/cmake /home/ubuntu/wsl2_dev_ros2/WS_Transpolis/src/examples/rclcpp/actions/minimal_action_server -DCMAKE_INSTALL_PREFIX=/home/ubuntu/wsl2_dev_ros2/WS_Transpolis/install
[67.455s] Invoking command in '/home/ubuntu/wsl2_dev_ros2/WS_Transpolis/build/examples_rclcpp_minimal_action_server': CMAKE_PREFIX_PATH=/opt/ros/galactic /usr/bin/cmake --build /home/ubuntu/wsl2_dev_ros2/WS_Transpolis/build/examples_rclcpp_minimal_action_server -- -j8 -l8
[69.980s] [35m[1mScanning dependencies of target action_server_member_functions[0m
[69.981s] [35m[1mScanning dependencies of target action_server_not_composable[0m
[69.981s] [ 25%] [32mBuilding CXX object CMakeFiles/action_server_member_functions.dir/member_functions.cpp.o[0m
[69.981s] [ 50%] [32mBuilding CXX object CMakeFiles/action_server_not_composable.dir/not_composable.cpp.o[0m
