[0.165s] Invoking command in '/home/ubuntu/wsl2_dev_ros2/WS_Transpolis/build/examples_rclcpp_cbg_executor': CMAKE_PREFIX_PATH=/opt/ros/galactic /usr/bin/cmake /home/ubuntu/wsl2_dev_ros2/WS_Transpolis/src/examples/rclcpp/executors/cbg_executor -DCMAKE_INSTALL_PREFIX=/home/ubuntu/wsl2_dev_ros2/WS_Transpolis/install
[1.673s] -- The C compiler identification is GNU 9.4.0
[3.679s] -- The CXX compiler identification is GNU 9.4.0
[4.813s] -- Check for working C compiler: /usr/bin/cc
[5.930s] -- Check for working C compiler: /usr/bin/cc -- works
[5.931s] -- Detecting C compiler ABI info
[7.138s] -- Detecting C compiler ABI info - done
[7.154s] -- Detecting C compile features
[7.156s] -- Detecting C compile features - done
[7.168s] -- Check for working CXX compiler: /usr/bin/c++
[8.200s] -- Check for working CXX compiler: /usr/bin/c++ -- works
[8.218s] -- Detecting CXX compiler ABI info
[9.572s] -- Detecting CXX compiler ABI info - done
[9.605s] -- Detecting CXX compile features
[9.606s] -- Detecting CXX compile features - done
[9.608s] -- Found ament_cmake: 1.1.6 (/opt/ros/galactic/share/ament_cmake/cmake)
[9.677s] -- Found PythonInterp: /usr/bin/python3 (found suitable version "3.8.10", minimum required is "3") 
[9.677s] -- Using PYTHON_EXECUTABLE: /usr/bin/python3
[9.839s] -- Found rclcpp: 9.2.2 (/opt/ros/galactic/share/rclcpp/cmake)
[11.177s] -- Using all available rosidl_typesupport_c: rosidl_typesupport_fastrtps_c;rosidl_typesupport_introspection_c
[11.185s] -- Found rosidl_adapter: 2.2.3 (/opt/ros/galactic/share/rosidl_adapter/cmake)
[21.117s] -- Found OpenSSL: /usr/lib/x86_64-linux-gnu/libcrypto.so (found version "1.1.1f")  
[30.476s] -- Found FastRTPS: /opt/ros/galactic/include  
[54.239s] -- Using all available rosidl_typesupport_cpp: rosidl_typesupport_fastrtps_cpp;rosidl_typesupport_introspection_cpp
[54.486s] -- Found rmw_implementation_cmake: 3.3.1 (/opt/ros/galactic/share/rmw_implementation_cmake/cmake)
[54.488s] -- Found rmw_cyclonedds_cpp: 0.22.6 (/opt/ros/galactic/share/rmw_cyclonedds_cpp/cmake)
[54.625s] -- Using RMW implementation 'rmw_cyclonedds_cpp' as default
[54.628s] -- Looking for pthread.h
[59.230s] -- Looking for pthread.h - found
[59.232s] -- Performing Test CMAKE_HAVE_LIBC_PTHREAD
[62.583s] -- Performing Test CMAKE_HAVE_LIBC_PTHREAD - Failed
[62.584s] -- Looking for pthread_create in pthreads
[65.722s] -- Looking for pthread_create in pthreads - not found
[65.722s] -- Looking for pthread_create in pthread
[67.872s] -- Looking for pthread_create in pthread - found
[67.872s] -- Found Threads: TRUE  
[68.476s] -- Found ament_lint_auto: 0.10.7 (/opt/ros/galactic/share/ament_lint_auto/cmake)
[68.760s] -- Added test 'copyright' to check source files copyright and LICENSE
[68.774s] -- Added test 'cppcheck' to perform static code analysis on C / C++ code
[68.774s] -- Configured cppcheck include dirs: /home/ubuntu/wsl2_dev_ros2/WS_Transpolis/src/examples/rclcpp/executors/cbg_executor/include
[68.775s] -- Configured cppcheck exclude dirs and/or files: 
[68.776s] -- Added test 'cpplint' to check C / C++ code against the Google style
[68.777s] -- Configured cpplint exclude dirs and/or files: 
[68.778s] -- Added test 'lint_cmake' to check CMake code style
[68.780s] -- Added test 'uncrustify' to check C / C++ code style
[68.780s] -- Configured uncrustify additional arguments: 
[68.781s] -- Added test 'xmllint' to check XML markup files
[68.810s] -- Configuring done
[68.865s] -- Generating done
[68.869s] -- Build files have been written to: /home/ubuntu/wsl2_dev_ros2/WS_Transpolis/build/examples_rclcpp_cbg_executor
[68.952s] Invoked command in '/home/ubuntu/wsl2_dev_ros2/WS_Transpolis/build/examples_rclcpp_cbg_executor' returned '0': CMAKE_PREFIX_PATH=/opt/ros/galactic /usr/bin/cmake /home/ubuntu/wsl2_dev_ros2/WS_Transpolis/src/examples/rclcpp/executors/cbg_executor -DCMAKE_INSTALL_PREFIX=/home/ubuntu/wsl2_dev_ros2/WS_Transpolis/install
[68.952s] Invoking command in '/home/ubuntu/wsl2_dev_ros2/WS_Transpolis/build/examples_rclcpp_cbg_executor': CMAKE_PREFIX_PATH=/opt/ros/galactic /usr/bin/cmake --build /home/ubuntu/wsl2_dev_ros2/WS_Transpolis/build/examples_rclcpp_cbg_executor -- -j8 -l8
