[0.171s] Invoking command in '/home/ubuntu/wsl2_dev_ros2/WS_Transpolis/build/examples_rclcpp_minimal_service': CMAKE_PREFIX_PATH=/opt/ros/galactic /usr/bin/cmake /home/ubuntu/wsl2_dev_ros2/WS_Transpolis/src/examples/rclcpp/services/minimal_service -DCMAKE_INSTALL_PREFIX=/home/ubuntu/wsl2_dev_ros2/WS_Transpolis/install
[50.565s] -- The C compiler identification is GNU 9.4.0
[50.566s] -- The CXX compiler identification is GNU 9.4.0
[50.566s] -- Check for working C compiler: /usr/bin/cc
[50.566s] -- Check for working C compiler: /usr/bin/cc -- works
[50.566s] -- Detecting C compiler ABI info
[50.566s] -- Detecting C compiler ABI info - done
[50.566s] -- Detecting C compile features
[50.566s] -- Detecting C compile features - done
[50.566s] -- Check for working CXX compiler: /usr/bin/c++
[50.566s] -- Check for working CXX compiler: /usr/bin/c++ -- works
[50.566s] -- Detecting CXX compiler ABI info
[50.566s] -- Detecting CXX compiler ABI info - done
[50.567s] -- Detecting CXX compile features
[50.567s] -- Detecting CXX compile features - done
[50.567s] -- Found ament_cmake: 1.1.6 (/opt/ros/galactic/share/ament_cmake/cmake)
[50.567s] -- Found PythonInterp: /usr/bin/python3 (found suitable version "3.8.10", minimum required is "3") 
[50.567s] -- Using PYTHON_EXECUTABLE: /usr/bin/python3
[50.567s] -- Found example_interfaces: 0.9.2 (/opt/ros/galactic/share/example_interfaces/cmake)
[50.567s] -- Using all available rosidl_typesupport_c: rosidl_typesupport_fastrtps_c;rosidl_typesupport_introspection_c
[50.567s] -- Found rosidl_adapter: 2.2.3 (/opt/ros/galactic/share/rosidl_adapter/cmake)
[50.567s] -- Found OpenSSL: /usr/lib/x86_64-linux-gnu/libcrypto.so (found version "1.1.1f")  
[50.567s] -- Found FastRTPS: /opt/ros/galactic/include  
