[0.206s] Invoking command in '/home/ubuntu/wsl2_dev_ros2/WS_Transpolis/build/examples_rclcpp_minimal_client': CMAKE_PREFIX_PATH=/opt/ros/galactic /usr/bin/cmake /home/ubuntu/wsl2_dev_ros2/WS_Transpolis/src/examples/rclcpp/services/minimal_client -DCMAKE_INSTALL_PREFIX=/home/ubuntu/wsl2_dev_ros2/WS_Transpolis/install
[1.826s] -- The C compiler identification is GNU 9.4.0
[3.777s] -- The CXX compiler identification is GNU 9.4.0
[4.925s] -- Check for working C compiler: /usr/bin/cc
[5.987s] -- Check for working C compiler: /usr/bin/cc -- works
[5.988s] -- Detecting C compiler ABI info
[7.156s] -- Detecting C compiler ABI info - done
[7.206s] -- Detecting C compile features
[7.206s] -- Detecting C compile features - done
[7.212s] -- Check for working CXX compiler: /usr/bin/c++
[8.355s] -- Check for working CXX compiler: /usr/bin/c++ -- works
[8.362s] -- Detecting CXX compiler ABI info
[9.708s] -- Detecting CXX compiler ABI info - done
[9.735s] -- Detecting CXX compile features
[9.737s] -- Detecting CXX compile features - done
[9.737s] -- Found ament_cmake: 1.1.6 (/opt/ros/galactic/share/ament_cmake/cmake)
[9.803s] -- Found PythonInterp: /usr/bin/python3 (found suitable version "3.8.10", minimum required is "3") 
[9.804s] -- Using PYTHON_EXECUTABLE: /usr/bin/python3
[9.962s] -- Found example_interfaces: 0.9.2 (/opt/ros/galactic/share/example_interfaces/cmake)
[11.841s] -- Using all available rosidl_typesupport_c: rosidl_typesupport_fastrtps_c;rosidl_typesupport_introspection_c
[11.847s] -- Found rosidl_adapter: 2.2.3 (/opt/ros/galactic/share/rosidl_adapter/cmake)
[25.047s] -- Found OpenSSL: /usr/lib/x86_64-linux-gnu/libcrypto.so (found version "1.1.1f")  
[36.311s] -- Found FastRTPS: /opt/ros/galactic/include  
