[0.172s] Invoking command in '/home/ubuntu/wsl2_dev_ros2/WS_Transpolis/build/examples_rclcpp_minimal_publisher': CMAKE_PREFIX_PATH=/opt/ros/galactic /usr/bin/cmake /home/ubuntu/wsl2_dev_ros2/WS_Transpolis/src/examples/rclcpp/topics/minimal_publisher -DCMAKE_INSTALL_PREFIX=/home/ubuntu/wsl2_dev_ros2/WS_Transpolis/install
[1.852s] -- The C compiler identification is GNU 9.4.0
[3.814s] -- The CXX compiler identification is GNU 9.4.0
[5.104s] -- Check for working C compiler: /usr/bin/cc
[6.321s] -- Check for working C compiler: /usr/bin/cc -- works
[6.321s] -- Detecting C compiler ABI info
[7.468s] -- Detecting C compiler ABI info - done
[7.477s] -- Detecting C compile features
[7.477s] -- Detecting C compile features - done
[7.489s] -- Check for working CXX compiler: /usr/bin/c++
[8.419s] -- Check for working CXX compiler: /usr/bin/c++ -- works
[8.420s] -- Detecting CXX compiler ABI info
[9.524s] -- Detecting CXX compiler ABI info - done
[9.568s] -- Detecting CXX compile features
[9.568s] -- Detecting CXX compile features - done
[9.572s] -- Found ament_cmake: 1.1.6 (/opt/ros/galactic/share/ament_cmake/cmake)
[9.628s] -- Found PythonInterp: /usr/bin/python3 (found suitable version "3.8.10", minimum required is "3") 
[9.629s] -- Using PYTHON_EXECUTABLE: /usr/bin/python3
[9.779s] -- Found rclcpp: 9.2.2 (/opt/ros/galactic/share/rclcpp/cmake)
[10.879s] -- Using all available rosidl_typesupport_c: rosidl_typesupport_fastrtps_c;rosidl_typesupport_introspection_c
[10.882s] -- Found rosidl_adapter: 2.2.3 (/opt/ros/galactic/share/rosidl_adapter/cmake)
[18.676s] -- Found OpenSSL: /usr/lib/x86_64-linux-gnu/libcrypto.so (found version "1.1.1f")  
[29.614s] -- Found FastRTPS: /opt/ros/galactic/include  
[56.207s] -- Using all available rosidl_typesupport_cpp: rosidl_typesupport_fastrtps_cpp;rosidl_typesupport_introspection_cpp
[56.393s] -- Found rmw_implementation_cmake: 3.3.1 (/opt/ros/galactic/share/rmw_implementation_cmake/cmake)
[56.407s] -- Found rmw_cyclonedds_cpp: 0.22.6 (/opt/ros/galactic/share/rmw_cyclonedds_cpp/cmake)
[56.477s] -- Using RMW implementation 'rmw_cyclonedds_cpp' as default
[56.484s] -- Looking for pthread.h
[59.509s] -- Looking for pthread.h - found
[59.510s] -- Performing Test CMAKE_HAVE_LIBC_PTHREAD
[63.456s] -- Performing Test CMAKE_HAVE_LIBC_PTHREAD - Failed
[63.456s] -- Looking for pthread_create in pthreads
[65.783s] -- Looking for pthread_create in pthreads - not found
[65.784s] -- Looking for pthread_create in pthread
[67.834s] -- Looking for pthread_create in pthread - found
[67.834s] -- Found Threads: TRUE  
[68.926s] -- Found ament_lint_auto: 0.10.7 (/opt/ros/galactic/share/ament_lint_auto/cmake)
[69.501s] -- Added test 'copyright' to check source files copyright and LICENSE
[69.501s] -- Added test 'cppcheck' to perform static code analysis on C / C++ code
[69.501s] -- Configured cppcheck include dirs: 
[69.501s] -- Configured cppcheck exclude dirs and/or files: 
[69.501s] -- Added test 'cpplint' to check C / C++ code against the Google style
[69.501s] -- Configured cpplint exclude dirs and/or files: 
[69.527s] -- Added test 'lint_cmake' to check CMake code style
[69.529s] -- Added test 'uncrustify' to check C / C++ code style
[69.529s] -- Configured uncrustify additional arguments: 
[69.535s] -- Added test 'xmllint' to check XML markup files
[69.542s] -- Configuring done
[69.792s] -- Generating done
[69.870s] -- Build files have been written to: /home/ubuntu/wsl2_dev_ros2/WS_Transpolis/build/examples_rclcpp_minimal_publisher
[69.938s] Invoked command in '/home/ubuntu/wsl2_dev_ros2/WS_Transpolis/build/examples_rclcpp_minimal_publisher' returned '0': CMAKE_PREFIX_PATH=/opt/ros/galactic /usr/bin/cmake /home/ubuntu/wsl2_dev_ros2/WS_Transpolis/src/examples/rclcpp/topics/minimal_publisher -DCMAKE_INSTALL_PREFIX=/home/ubuntu/wsl2_dev_ros2/WS_Transpolis/install
[69.942s] Invoking command in '/home/ubuntu/wsl2_dev_ros2/WS_Transpolis/build/examples_rclcpp_minimal_publisher': CMAKE_PREFIX_PATH=/opt/ros/galactic /usr/bin/cmake --build /home/ubuntu/wsl2_dev_ros2/WS_Transpolis/build/examples_rclcpp_minimal_publisher -- -j8 -l8
